<?xml version="1.0" encoding="UTF-8"?>
<testsuite xmlns:xsi="http://www.w3.org/2001/XMLSchema-instance" xsi:noNamespaceSchemaLocation="https://maven.apache.org/surefire/maven-failsafe-plugin/xsd/failsafe-test-report.xsd" name="runner.Runner" time="220.62" tests="7" errors="0" skipped="0" failures="0">
  <properties>
[...]
</properties>
  <testcase name="Filter the price" classname="Filter" time="48.006"/>
  <testcase name="Successful login" classname="Login" time="22.983"/>
  <testcase name="Unsuccesful login" classname="Login" time="17.657"/>
  <testcase name="Successful Logout" classname="Logout" time="35.867"/>
  <testcase name="Invalid registration" classname="Registration" time="39.38"/>
  <testcase name="Add a product to the shopping cart" classname="Shopping Cart" time="21.296"/>
  <testcase name="Delete  a product of the shopping cart" classname="Shopping Cart" time="34.271"/>
</testsuite>