<?xml version="1.0" encoding="UTF-8"?>
<testsuite xmlns:xsi="http://www.w3.org/2001/XMLSchema-instance" xsi:noNamespaceSchemaLocation="https://maven.apache.org/surefire/maven-failsafe-plugin/xsd/failsafe-test-report.xsd" name="runner.Runner" time="110.914" tests="16" errors="0" skipped="13" failures="0">
  <properties>
[...]
</properties>
  <testcase name="Filter the price" classname="Filter" time="0">
    <skipped message="The step &quot;I search for &quot;cremas&quot;&quot; is undefined"/>
    <system-err><![CDATA[Starting ChromeDriver 76.0.3809.126 (d80a294506b4c9d18015e755cee48f953ddc3f2f-refs/branch-heads/3809@{#1024}) on port 10612
Only local connections are allowed.
Please protect ports used by ChromeDriver and related test frameworks to prevent access by malicious code.
ago 24, 2019 11:54:46 AM org.openqa.selenium.remote.ProtocolHandshake createSession
INFORMACIÓN: Detected dialect: W3C
]]></system-err>
  </testcase>
  <testcase name="Filter the price" classname="Filter" time="0">
    <skipped message="The step &quot;I apply the filter for price between 5000 and 20000&quot; is undefined"/>
  </testcase>
  <testcase name="Filter the price" classname="Filter" time="0">
    <skipped message="The step &quot;I should see just products with prices in this range&quot; is undefined"/>
  </testcase>
  <testcase name="Successful login" classname="Login" time="20.052"/>
  <testcase name="Unsuccesful login" classname="Login" time="20.876"/>
  <testcase name="Successful Logout" classname="Logout" time="31.537"/>
  <testcase name="Invalid registration" classname="Registration" time="0">
    <skipped message="The step &quot;I try to register&quot; is undefined"/>
    <system-err><![CDATA[Starting ChromeDriver 76.0.3809.126 (d80a294506b4c9d18015e755cee48f953ddc3f2f-refs/branch-heads/3809@{#1024}) on port 24883
Only local connections are allowed.
Please protect ports used by ChromeDriver and related test frameworks to prevent access by malicious code.
ago 24, 2019 11:56:13 AM org.openqa.selenium.remote.ProtocolHandshake createSession
INFORMACIÓN: Detected dialect: W3C
]]></system-err>
  </testcase>
  <testcase name="Invalid registration" classname="Registration" time="0">
    <skipped message="The step &quot;I fill all the field except for &quot;celular&quot;&quot; is undefined"/>
  </testcase>
  <testcase name="Invalid registration" classname="Registration" time="0">
    <skipped message="The step &quot;I try to save my data&quot; is undefined"/>
  </testcase>
  <testcase name="Invalid registration" classname="Registration" time="0">
    <skipped message="The step &quot;I should see an error message&quot; is undefined"/>
  </testcase>
  <testcase name="Add a product to the shopping cart" classname="Shopping Cart" time="0">
    <skipped message="The step &quot;I am in a product page&quot; is undefined"/>
    <system-err><![CDATA[Starting ChromeDriver 76.0.3809.126 (d80a294506b4c9d18015e755cee48f953ddc3f2f-refs/branch-heads/3809@{#1024}) on port 20539
Only local connections are allowed.
Please protect ports used by ChromeDriver and related test frameworks to prevent access by malicious code.
ago 24, 2019 11:56:25 AM org.openqa.selenium.remote.ProtocolHandshake createSession
INFORMACIÓN: Detected dialect: W3C
]]></system-err>
  </testcase>
  <testcase name="Add a product to the shopping cart" classname="Shopping Cart" time="0">
    <skipped message="The step &quot;I add the product to the cart&quot; is undefined"/>
  </testcase>
  <testcase name="Add a product to the shopping cart" classname="Shopping Cart" time="0">
    <skipped message="The step &quot;I should see a pop up with the confirmation&quot; is undefined"/>
  </testcase>
  <testcase name="Delete  a product of the shopping cart" classname="Shopping Cart" time="0">
    <skipped message="The step &quot;I have a product in my shopping cart&quot; is undefined"/>
    <system-err><![CDATA[Starting ChromeDriver 76.0.3809.126 (d80a294506b4c9d18015e755cee48f953ddc3f2f-refs/branch-heads/3809@{#1024}) on port 5773
Only local connections are allowed.
Please protect ports used by ChromeDriver and related test frameworks to prevent access by malicious code.
ago 24, 2019 11:56:29 AM org.openqa.selenium.remote.ProtocolHandshake createSession
INFORMACIÓN: Detected dialect: W3C
]]></system-err>
  </testcase>
  <testcase name="Delete  a product of the shopping cart" classname="Shopping Cart" time="0">
    <skipped message="The step &quot;I delete the product&quot; is undefined"/>
  </testcase>
  <testcase name="Delete  a product of the shopping cart" classname="Shopping Cart" time="0">
    <skipped message="The step &quot;I should see a message saying that my cart is empty&quot; is undefined"/>
  </testcase>
</testsuite>